{"numTotalTestSuites":4,"numPassedTestSuites":4,"numFailedTestSuites":0,"numPendingTestSuites":0,"numTotalTests":13,"numPassedTests":13,"numFailedTests":0,"numPendingTests":0,"numTodoTests":0,"startTime":1747518752611,"success":true,"testResults":[{"assertionResults":[{"ancestorTitles":["","MinHashLSH"],"fullName":" MinHashLSH should initialize with all documents","status":"passed","title":"should initialize with all documents","duration":10,"failureMessages":[]},{"ancestorTitles":["","MinHashLSH"],"fullName":" MinHashLSH should find similar documents","status":"passed","title":"should find similar documents","duration":4,"failureMessages":[]},{"ancestorTitles":["","MinHashLSH"],"fullName":" MinHashLSH should find similar documents with scores","status":"passed","title":"should find similar documents with scores","duration":4,"failureMessages":[]},{"ancestorTitles":["","MinHashLSH"],"fullName":" MinHashLSH should respect the minimum similarity threshold","status":"passed","title":"should respect the minimum similarity threshold","duration":5,"failureMessages":[]},{"ancestorTitles":["","MinHashLSH"],"fullName":" MinHashLSH should update and remove documents correctly","status":"passed","title":"should update and remove documents correctly","duration":4,"failureMessages":[]},{"ancestorTitles":["","MinHashLSH"],"fullName":" MinHashLSH should handle document updates","status":"passed","title":"should handle document updates","duration":3,"failureMessages":[]}],"startTime":1747518752967,"endTime":1747518752998,"status":"passed","message":"","name":"/Users/olu/code/obsidian-related-notes/src/tests/minhash.test.ts"},{"assertionResults":[{"ancestorTitles":["","SimHash"],"fullName":" SimHash should initialize with all documents","status":"passed","title":"should initialize with all documents","duration":9,"failureMessages":[]},{"ancestorTitles":["","SimHash"],"fullName":" SimHash should find similar documents within the same topic","status":"passed","title":"should find similar documents within the same topic","duration":5,"failureMessages":[]},{"ancestorTitles":["","SimHash"],"fullName":" SimHash should handle identical documents correctly","status":"passed","title":"should handle identical documents correctly","duration":4,"failureMessages":[]},{"ancestorTitles":["","SimHash"],"fullName":" SimHash should respect maximum distance threshold","status":"passed","title":"should respect maximum distance threshold","duration":3,"failureMessages":[]},{"ancestorTitles":["","SimHash"],"fullName":" SimHash should update and remove documents correctly","status":"passed","title":"should update and remove documents correctly","duration":4,"failureMessages":[]},{"ancestorTitles":["","SimHash"],"fullName":" SimHash should handle document updates","status":"passed","title":"should handle document updates","duration":3,"failureMessages":[]},{"ancestorTitles":["","SimHash"],"fullName":" SimHash should report memory usage statistics","status":"passed","title":"should report memory usage statistics","duration":3,"failureMessages":[]}],"startTime":1747518752942,"endTime":1747518752973,"status":"passed","message":"","name":"/Users/olu/code/obsidian-related-notes/src/tests/simhash.test.ts"}]}