{"numTotalTestSuites":2,"numPassedTestSuites":2,"numFailedTestSuites":0,"numPendingTestSuites":0,"numTotalTests":7,"numPassedTests":7,"numFailedTests":0,"numPendingTests":0,"numTodoTests":0,"startTime":1748391575437,"success":true,"testResults":[{"assertionResults":[{"ancestorTitles":["","SimHash"],"fullName":" SimHash should initialize with all documents","status":"passed","title":"should initialize with all documents","duration":7,"failureMessages":[]},{"ancestorTitles":["","SimHash"],"fullName":" SimHash should find similar documents within the same topic","status":"passed","title":"should find similar documents within the same topic","duration":3,"failureMessages":[]},{"ancestorTitles":["","SimHash"],"fullName":" SimHash should handle identical documents correctly","status":"passed","title":"should handle identical documents correctly","duration":4,"failureMessages":[]},{"ancestorTitles":["","SimHash"],"fullName":" SimHash should respect maximum distance threshold","status":"passed","title":"should respect maximum distance threshold","duration":3,"failureMessages":[]},{"ancestorTitles":["","SimHash"],"fullName":" SimHash should update and remove documents correctly","status":"passed","title":"should update and remove documents correctly","duration":3,"failureMessages":[]},{"ancestorTitles":["","SimHash"],"fullName":" SimHash should handle document updates","status":"passed","title":"should handle document updates","duration":1,"failureMessages":[]},{"ancestorTitles":["","SimHash"],"fullName":" SimHash should report memory usage statistics","status":"passed","title":"should report memory usage statistics","duration":2,"failureMessages":[]}],"startTime":1748391575717,"endTime":1748391575740,"status":"passed","message":"","name":"/Users/olu/code/obsidian-related-notes/src/tests/simhash.test.ts"}]}